C:\USERS\ANTONIA\DOCUMENTS\GRIDLAB-D\GRIDLABD-2.3-RC1\MARKET\WIN32\DEBUG\MARKET\AUCTION.OBJ
C:\USERS\ANTONIA\DOCUMENTS\GRIDLAB-D\GRIDLABD-2.3-RC1\MARKET\WIN32\DEBUG\MARKET\BID.OBJ
C:\USERS\ANTONIA\DOCUMENTS\GRIDLAB-D\GRIDLABD-2.3-RC1\MARKET\WIN32\DEBUG\MARKET\CONTROLLER.OBJ
C:\USERS\ANTONIA\DOCUMENTS\GRIDLAB-D\GRIDLABD-2.3-RC1\MARKET\WIN32\DEBUG\MARKET\CURVE.OBJ
C:\USERS\ANTONIA\DOCUMENTS\GRIDLAB-D\GRIDLABD-2.3-RC1\MARKET\WIN32\DEBUG\MARKET\DOUBLE_CONTROLLER.OBJ
C:\USERS\ANTONIA\DOCUMENTS\GRIDLAB-D\GRIDLABD-2.3-RC1\MARKET\WIN32\DEBUG\MARKET\GAME_THEORY.OBJ
C:\USERS\ANTONIA\DOCUMENTS\GRIDLAB-D\GRIDLABD-2.3-RC1\MARKET\WIN32\DEBUG\MARKET\GENERATOR_CONTROLLER.OBJ
C:\USERS\ANTONIA\DOCUMENTS\GRIDLAB-D\GRIDLABD-2.3-RC1\MARKET\WIN32\DEBUG\MARKET\INIT.OBJ
C:\USERS\ANTONIA\DOCUMENTS\GRIDLAB-D\GRIDLABD-2.3-RC1\MARKET\WIN32\DEBUG\MARKET\MAIN.OBJ
C:\USERS\ANTONIA\DOCUMENTS\GRIDLAB-D\GRIDLABD-2.3-RC1\MARKET\WIN32\DEBUG\MARKET\MARKET.DLL.EMBED.MANIFEST
C:\USERS\ANTONIA\DOCUMENTS\GRIDLAB-D\GRIDLABD-2.3-RC1\MARKET\WIN32\DEBUG\MARKET\MARKET.DLL.EMBED.MANIFEST.RES
C:\USERS\ANTONIA\DOCUMENTS\GRIDLAB-D\GRIDLABD-2.3-RC1\MARKET\WIN32\DEBUG\MARKET\MARKET.DLL.INTERMEDIATE.MANIFEST
C:\USERS\ANTONIA\DOCUMENTS\GRIDLAB-D\GRIDLABD-2.3-RC1\MARKET\WIN32\DEBUG\MARKET\PASSIVE_CONTROLLER.OBJ
C:\USERS\ANTONIA\DOCUMENTS\GRIDLAB-D\GRIDLABD-2.3-RC1\MARKET\WIN32\DEBUG\MARKET\STUB_BIDDER.OBJ
C:\USERS\ANTONIA\DOCUMENTS\GRIDLAB-D\GRIDLABD-2.3-RC1\MARKET\WIN32\DEBUG\MARKET\STUBAUCTION.OBJ
C:\USERS\ANTONIA\DOCUMENTS\GRIDLAB-D\GRIDLABD-2.3-RC1\MARKET\WIN32\DEBUG\MARKET\VC100.PDB
C:\USERS\ANTONIA\DOCUMENTS\GRIDLAB-D\GRIDLABD-2.3-RC1\VS2005\WIN32\DEBUG\MARKET.DLL
C:\Users\Antonia\Documents\Gridlab-D\gridlabd-2.3-RC1\VS2005\Win32\Debug\market.exp
C:\USERS\ANTONIA\DOCUMENTS\GRIDLAB-D\GRIDLABD-2.3-RC1\VS2005\WIN32\DEBUG\MARKET.ILK
C:\Users\Antonia\Documents\Gridlab-D\gridlabd-2.3-RC1\VS2005\Win32\Debug\market.lib
C:\USERS\ANTONIA\DOCUMENTS\GRIDLAB-D\GRIDLABD-2.3-RC1\VS2005\WIN32\DEBUG\MARKET.PDB
