Build started 14/6/2013 11:31:24 πμ.
     1>Project "C:\Users\Antonia\Documents\Gridlab-D\gridlabd-2.3-RC1\market\market.vcxproj" on node 2 (build target(s)).
     1>InitializeBuildStatus:
         Creating "x64\Debug\market\market.unsuccessfulbuild" because "AlwaysCreate" was specified.
       ClCompile:
         c:\Program Files (x86)\Microsoft Visual Studio 10.0\VC\bin\x86_amd64\CL.exe /c /I..\core /I"..\third_party\cppunit-1.12.0\include" /Zi /nologo /W3 /WX- /Od /D WIN32 /D _DEBUG /D _WINDOWS /D _USRDLL /D _CRT_SECURE_NO_DEPRECATE /D _WINDLL /D _MBCS /Gm /EHsc /RTC1 /MDd /GS /fp:precise /Zc:wchar_t /Zc:forScope /Fo"x64\Debug\market\\" /Fd"x64\Debug\market\vc100.pdb" /Gd /TP /errorReport:prompt auction.cpp
         auction.cpp
     1>auction.cpp(249): warning C4244: 'argument' : conversion from 'time_t' to 'unsigned int', possible loss of data
     1>auction.cpp(614): warning C4267: '=' : conversion from 'size_t' to 'unsigned int', possible loss of data
     1>auction.cpp(633): warning C4018: '>' : signed/unsigned mismatch
     1>auction.cpp(639): warning C4267: '=' : conversion from 'size_t' to 'unsigned int', possible loss of data
     1>auction.cpp(1463): warning C4101: 's10' : unreferenced local variable
     1>auction.cpp(1478): warning C4101: 'd_0' : unreferenced local variable
       ManifestResourceCompile:
         All outputs are up-to-date.
       Link:
         c:\Program Files (x86)\Microsoft Visual Studio 10.0\VC\bin\x86_amd64\link.exe /ERRORREPORT:PROMPT /OUT:"..\VS2005\x64\Debug\market.dll" /INCREMENTAL /NOLOGO /LIBPATH:..\VS2005\x64\Debug\ /LIBPATH:"C:\Users\Antonia\Documents\Gridlab-D\gridlabd-2.3-RC1\market\x64\Debug" kernel32.lib user32.lib gdi32.lib winspool.lib comdlg32.lib advapi32.lib shell32.lib ole32.lib oleaut32.lib uuid.lib odbc32.lib odbccp32.lib /MANIFEST /ManifestFile:"x64\Debug\market\market.dll.intermediate.manifest" /MANIFESTUAC:"level='asInvoker' uiAccess='false'" /DEBUG /PDB:"C:\Users\Antonia\Documents\Gridlab-D\gridlabd-2.3-RC1\VS2005\x64\Debug\market.pdb" /SUBSYSTEM:WINDOWS /TLBID:1 /DYNAMICBASE /NXCOMPAT /IMPLIB:"..\VS2005\x64\Debug\market.lib" /MACHINE:X64 /DLL x64\Debug\market\market.dll.embed.manifest.res
         x64\Debug\market\auction.obj
         x64\Debug\market\bid.obj
         x64\Debug\market\controller.obj
         x64\Debug\market\curve.obj
         x64\Debug\market\double_controller.obj
         x64\Debug\market\game_theory.obj
         x64\Debug\market\generator_controller.obj
         x64\Debug\market\init.obj
         x64\Debug\market\main.obj
         x64\Debug\market\passive_controller.obj
         x64\Debug\market\stub_bidder.obj
         x64\Debug\market\stubauction.obj
         market.vcxproj -> C:\Users\Antonia\Documents\Gridlab-D\gridlabd-2.3-RC1\market\..\VS2005\x64\Debug\market.dll
       Manifest:
         C:\Program Files (x86)\Microsoft SDKs\Windows\v7.0A\bin\mt.exe /nologo /verbose /out:"x64\Debug\market\market.dll.embed.manifest" /manifest x64\Debug\market\market.dll.intermediate.manifest
         All outputs are up-to-date.
       LinkEmbedManifest:
         All outputs are up-to-date.
         market.vcxproj -> C:\Users\Antonia\Documents\Gridlab-D\gridlabd-2.3-RC1\market\..\VS2005\x64\Debug\market.dll
       FinalizeBuildStatus:
         Deleting file "x64\Debug\market\market.unsuccessfulbuild".
         Touching "x64\Debug\market\market.lastbuildstate".
     1>Done Building Project "C:\Users\Antonia\Documents\Gridlab-D\gridlabd-2.3-RC1\market\market.vcxproj" (build target(s)).

Build succeeded.

Time Elapsed 00:00:02.77
